<?xml version="1.0" encoding="UTF-8"?>
<testsuite name="com.egs41.springboot.dto.HelloResponseDtoTest" tests="1" skipped="0" failures="0" errors="0" timestamp="2021-10-18T17:58:51" hostname="DESKTOP-7TF11RC" time="0.002">
  <properties/>
  <testcase name="롬복_기능_테스트" classname="com.egs41.springboot.dto.HelloResponseDtoTest" time="0.002"/>
  <system-out><![CDATA[]]></system-out>
  <system-err><![CDATA[]]></system-err>
</testsuite>
