<?xml version="1.0" encoding="UTF-8"?>
<testsuite name="com.egs41.springboot.domain.posts.PostsRepositoryTest" tests="2" skipped="0" failures="0" errors="0" timestamp="2021-10-18T17:58:50" hostname="DESKTOP-7TF11RC" time="0.266">
  <properties/>
  <testcase name="게시글저장_불러오기" classname="com.egs41.springboot.domain.posts.PostsRepositoryTest" time="0.255"/>
  <testcase name="BaseTimeEntity_등록" classname="com.egs41.springboot.domain.posts.PostsRepositoryTest" time="0.011"/>
  <system-out><![CDATA[2021-10-19 02:58:45.267  INFO 10212 --- [    Test worker] .b.t.c.SpringBootTestContextBootstrapper : Neither @ContextConfiguration nor @ContextHierarchy found for test class [com.egs41.springboot.domain.posts.PostsRepositoryTest], using SpringBootContextLoader
2021-10-19 02:58:45.268  INFO 10212 --- [    Test worker] o.s.t.c.support.AbstractContextLoader    : Could not detect default resource locations for test class [com.egs41.springboot.domain.posts.PostsRepositoryTest]: no resource found for suffixes {-context.xml, Context.groovy}.
2021-10-19 02:58:45.268  INFO 10212 --- [    Test worker] t.c.s.AnnotationConfigContextLoaderUtils : Could not detect default configuration classes for test class [com.egs41.springboot.domain.posts.PostsRepositoryTest]: PostsRepositoryTest does not declare any static, non-private, non-final, nested classes annotated with @Configuration.
2021-10-19 02:58:45.281  INFO 10212 --- [    Test worker] .b.t.c.SpringBootTestContextBootstrapper : Found @SpringBootConfiguration com.egs41.springboot.Application for test class com.egs41.springboot.domain.posts.PostsRepositoryTest
2021-10-19 02:58:45.284  INFO 10212 --- [    Test worker] .b.t.c.SpringBootTestContextBootstrapper : Loaded default TestExecutionListener class names from location [META-INF/spring.factories]: [org.springframework.security.test.context.support.WithSecurityContextTestExecutionListener, org.springframework.security.test.context.support.ReactorContextTestExecutionListener, org.springframework.boot.test.autoconfigure.restdocs.RestDocsTestExecutionListener, org.springframework.boot.test.autoconfigure.web.client.MockRestServiceServerResetTestExecutionListener, org.springframework.boot.test.autoconfigure.web.servlet.MockMvcPrintOnlyOnFailureTestExecutionListener, org.springframework.boot.test.autoconfigure.web.servlet.WebDriverTestExecutionListener, org.springframework.boot.test.mock.mockito.MockitoTestExecutionListener, org.springframework.boot.test.mock.mockito.ResetMocksTestExecutionListener, org.springframework.test.context.web.ServletTestExecutionListener, org.springframework.test.context.support.DirtiesContextBeforeModesTestExecutionListener, org.springframework.test.context.support.DependencyInjectionTestExecutionListener, org.springframework.test.context.support.DirtiesContextTestExecutionListener, org.springframework.test.context.transaction.TransactionalTestExecutionListener, org.springframework.test.context.jdbc.SqlScriptsTestExecutionListener]
2021-10-19 02:58:45.285  INFO 10212 --- [    Test worker] .b.t.c.SpringBootTestContextBootstrapper : Using TestExecutionListeners: [org.springframework.test.context.web.ServletTestExecutionListener@712d0b65, org.springframework.test.context.support.DirtiesContextBeforeModesTestExecutionListener@744ac6ab, org.springframework.boot.test.mock.mockito.MockitoTestExecutionListener@28a4fbde, org.springframework.boot.test.autoconfigure.SpringBootDependencyInjectionTestExecutionListener@41076b3, org.springframework.test.context.support.DirtiesContextTestExecutionListener@1d7f2377, org.springframework.test.context.transaction.TransactionalTestExecutionListener@3f22c1ed, org.springframework.test.context.jdbc.SqlScriptsTestExecutionListener@3057b7dc, org.springframework.security.test.context.support.WithSecurityContextTestExecutionListener@3775fa8b, org.springframework.security.test.context.support.ReactorContextTestExecutionListener@53f51389, org.springframework.boot.test.autoconfigure.restdocs.RestDocsTestExecutionListener@7af19db3, org.springframework.boot.test.autoconfigure.web.client.MockRestServiceServerResetTestExecutionListener@77952c66, org.springframework.boot.test.autoconfigure.web.servlet.MockMvcPrintOnlyOnFailureTestExecutionListener@6f2c31bd, org.springframework.boot.test.autoconfigure.web.servlet.WebDriverTestExecutionListener@14be1e8a, org.springframework.boot.test.mock.mockito.ResetMocksTestExecutionListener@625405ab]

  .   ____          _            __ _ _
 /\\ / ___'_ __ _ _(_)_ __  __ _ \ \ \ \
( ( )\___ | '_ | '_| | '_ \/ _` | \ \ \ \
 \\/  ___)| |_)| | | | | || (_| |  ) ) ) )
  '  |____| .__|_| |_|_| |_\__, | / / / /
 =========|_|==============|___/=/_/_/_/
 :: Spring Boot ::        (v2.1.7.RELEASE)

2021-10-19 02:58:45.318  INFO 10212 --- [    Test worker] c.e.s.domain.posts.PostsRepositoryTest   : Starting PostsRepositoryTest on DESKTOP-7TF11RC with PID 10212 (started by egs41 in C:\Users\egs41\IdeaProjects\egs41-webservice)
2021-10-19 02:58:45.318  INFO 10212 --- [    Test worker] c.e.s.domain.posts.PostsRepositoryTest   : No active profile set, falling back to default profiles: default
2021-10-19 02:58:45.871  INFO 10212 --- [    Test worker] .s.d.r.c.RepositoryConfigurationDelegate : Bootstrapping Spring Data repositories in DEFAULT mode.
2021-10-19 02:58:45.963  INFO 10212 --- [    Test worker] .s.d.r.c.RepositoryConfigurationDelegate : Finished Spring Data repository scanning in 74ms. Found 2 repository interfaces.
2021-10-19 02:58:46.262  INFO 10212 --- [    Test worker] trationDelegate$BeanPostProcessorChecker : Bean 'org.springframework.transaction.annotation.ProxyTransactionManagementConfiguration' of type [org.springframework.transaction.annotation.ProxyTransactionManagementConfiguration$$EnhancerBySpringCGLIB$$803ccdc] is not eligible for getting processed by all BeanPostProcessors (for example: not eligible for auto-proxying)
2021-10-19 02:58:46.478  INFO 10212 --- [    Test worker] com.zaxxer.hikari.HikariDataSource       : HikariPool-1 - Starting...
2021-10-19 02:58:46.686  INFO 10212 --- [    Test worker] com.zaxxer.hikari.HikariDataSource       : HikariPool-1 - Start completed.
2021-10-19 02:58:46.811  INFO 10212 --- [    Test worker] o.hibernate.jpa.internal.util.LogHelper  : HHH000204: Processing PersistenceUnitInfo [
	name: default
	...]
2021-10-19 02:58:46.942  INFO 10212 --- [    Test worker] org.hibernate.Version                    : HHH000412: Hibernate Core {5.3.10.Final}
2021-10-19 02:58:46.946  INFO 10212 --- [    Test worker] org.hibernate.cfg.Environment            : HHH000206: hibernate.properties not found
2021-10-19 02:58:47.048  INFO 10212 --- [    Test worker] o.hibernate.annotations.common.Version   : HCANN000001: Hibernate Commons Annotations {5.0.4.Final}
2021-10-19 02:58:47.327  INFO 10212 --- [    Test worker] org.hibernate.dialect.Dialect            : HHH000400: Using dialect: org.hibernate.dialect.MySQL5InnoDBDialect
Hibernate: drop table if exists posts
Hibernate: drop table if exists user
Hibernate: create table posts (id bigint not null auto_increment, created_date datetime, modified_date datetime, author varchar(255), content TEXT not null, title varchar(500) not null, primary key (id)) engine=InnoDB
Hibernate: create table user (id bigint not null auto_increment, created_date datetime, modified_date datetime, email varchar(255) not null, name varchar(255) not null, picture varchar(255), role varchar(255) not null, primary key (id)) engine=InnoDB
2021-10-19 02:58:48.497  INFO 10212 --- [    Test worker] o.h.t.schema.internal.SchemaCreatorImpl  : HHH000476: Executing import script 'org.hibernate.tool.schema.internal.exec.ScriptSourceInputNonExistentImpl@4cc19d68'
2021-10-19 02:58:48.502  INFO 10212 --- [    Test worker] j.LocalContainerEntityManagerFactoryBean : Initialized JPA EntityManagerFactory for persistence unit 'default'
2021-10-19 02:58:49.176  INFO 10212 --- [    Test worker] o.h.h.i.QueryTranslatorFactoryInitiator  : HHH000397: Using ASTQueryTranslatorFactory
2021-10-19 02:58:49.662  INFO 10212 --- [    Test worker] o.s.s.web.DefaultSecurityFilterChain     : Creating filter chain: any request, [org.springframework.security.web.context.request.async.WebAsyncManagerIntegrationFilter@e9a2f22, org.springframework.security.web.context.SecurityContextPersistenceFilter@1cb7b6ee, org.springframework.security.web.header.HeaderWriterFilter@7afba66, org.springframework.security.web.authentication.logout.LogoutFilter@2e6998e4, org.springframework.security.oauth2.client.web.OAuth2AuthorizationRequestRedirectFilter@30e7dba3, org.springframework.security.oauth2.client.web.OAuth2LoginAuthenticationFilter@27fdbafe, org.springframework.security.web.authentication.ui.DefaultLoginPageGeneratingFilter@fc84f35, org.springframework.security.web.authentication.ui.DefaultLogoutPageGeneratingFilter@f467254, org.springframework.security.web.savedrequest.RequestCacheAwareFilter@7c31f135, org.springframework.security.web.servletapi.SecurityContextHolderAwareRequestFilter@6b7185f, org.springframework.security.web.authentication.AnonymousAuthenticationFilter@45a61308, org.springframework.security.web.session.SessionManagementFilter@7bbe491d, org.springframework.security.web.access.ExceptionTranslationFilter@4ab55a6f, org.springframework.security.web.access.intercept.FilterSecurityInterceptor@4213f8b7]
2021-10-19 02:58:50.161  INFO 10212 --- [    Test worker] o.s.s.concurrent.ThreadPoolTaskExecutor  : Initializing ExecutorService 'applicationTaskExecutor'
2021-10-19 02:58:50.183  WARN 10212 --- [    Test worker] aWebConfiguration$JpaWebMvcConfiguration : spring.jpa.open-in-view is enabled by default. Therefore, database queries may be performed during view rendering. Explicitly configure spring.jpa.open-in-view to disable this warning
2021-10-19 02:58:50.228  INFO 10212 --- [    Test worker] o.s.b.a.w.s.WelcomePageHandlerMapping    : Adding welcome page template: index
2021-10-19 02:58:50.892  INFO 10212 --- [    Test worker] s.a.ScheduledAnnotationBeanPostProcessor : No TaskScheduler/ScheduledExecutorService bean found for scheduled processing
2021-10-19 02:58:50.902  INFO 10212 --- [    Test worker] c.e.s.domain.posts.PostsRepositoryTest   : Started PostsRepositoryTest in 5.616 seconds (JVM running for 11.254)
Hibernate: insert into posts (created_date, modified_date, author, content, title) values (?, ?, ?, ?, ?)
Hibernate: select posts0_.id as id1_0_, posts0_.created_date as created_2_0_, posts0_.modified_date as modified3_0_, posts0_.author as author4_0_, posts0_.content as content5_0_, posts0_.title as title6_0_ from posts posts0_
Hibernate: select posts0_.id as id1_0_, posts0_.created_date as created_2_0_, posts0_.modified_date as modified3_0_, posts0_.author as author4_0_, posts0_.content as content5_0_, posts0_.title as title6_0_ from posts posts0_
Hibernate: delete from posts where id=?
Hibernate: insert into posts (created_date, modified_date, author, content, title) values (?, ?, ?, ?, ?)
Hibernate: select posts0_.id as id1_0_, posts0_.created_date as created_2_0_, posts0_.modified_date as modified3_0_, posts0_.author as author4_0_, posts0_.content as content5_0_, posts0_.title as title6_0_ from posts posts0_
>>>>>>>>> createDate=2021-10-19T02:58:51.164, modifiedDate=2021-10-19T02:58:51.164
Hibernate: select posts0_.id as id1_0_, posts0_.created_date as created_2_0_, posts0_.modified_date as modified3_0_, posts0_.author as author4_0_, posts0_.content as content5_0_, posts0_.title as title6_0_ from posts posts0_
Hibernate: delete from posts where id=?
]]></system-out>
  <system-err><![CDATA[]]></system-err>
</testsuite>
