<?xml version="1.0" encoding="UTF-8"?>
<testsuite name="com.egs41.springboot.web.PostsApiControllerTest" tests="2" skipped="0" failures="0" errors="0" timestamp="2021-10-18T17:58:54" hostname="DESKTOP-7TF11RC" time="0.103">
  <properties/>
  <testcase name="Posts_등록된다" classname="com.egs41.springboot.web.PostsApiControllerTest" time="0.077"/>
  <testcase name="Posts_수정된다" classname="com.egs41.springboot.web.PostsApiControllerTest" time="0.025"/>
  <system-out><![CDATA[2021-10-19 02:58:54.181  INFO 10212 --- [    Test worker] .b.t.c.SpringBootTestContextBootstrapper : Neither @ContextConfiguration nor @ContextHierarchy found for test class [com.egs41.springboot.web.PostsApiControllerTest], using SpringBootContextLoader
2021-10-19 02:58:54.182  INFO 10212 --- [    Test worker] o.s.t.c.support.AbstractContextLoader    : Could not detect default resource locations for test class [com.egs41.springboot.web.PostsApiControllerTest]: no resource found for suffixes {-context.xml, Context.groovy}.
2021-10-19 02:58:54.182  INFO 10212 --- [    Test worker] t.c.s.AnnotationConfigContextLoaderUtils : Could not detect default configuration classes for test class [com.egs41.springboot.web.PostsApiControllerTest]: PostsApiControllerTest does not declare any static, non-private, non-final, nested classes annotated with @Configuration.
2021-10-19 02:58:54.185  INFO 10212 --- [    Test worker] .b.t.c.SpringBootTestContextBootstrapper : Found @SpringBootConfiguration com.egs41.springboot.Application for test class com.egs41.springboot.web.PostsApiControllerTest
2021-10-19 02:58:54.187  INFO 10212 --- [    Test worker] .b.t.c.SpringBootTestContextBootstrapper : Loaded default TestExecutionListener class names from location [META-INF/spring.factories]: [org.springframework.security.test.context.support.WithSecurityContextTestExecutionListener, org.springframework.security.test.context.support.ReactorContextTestExecutionListener, org.springframework.boot.test.autoconfigure.restdocs.RestDocsTestExecutionListener, org.springframework.boot.test.autoconfigure.web.client.MockRestServiceServerResetTestExecutionListener, org.springframework.boot.test.autoconfigure.web.servlet.MockMvcPrintOnlyOnFailureTestExecutionListener, org.springframework.boot.test.autoconfigure.web.servlet.WebDriverTestExecutionListener, org.springframework.boot.test.mock.mockito.MockitoTestExecutionListener, org.springframework.boot.test.mock.mockito.ResetMocksTestExecutionListener, org.springframework.test.context.web.ServletTestExecutionListener, org.springframework.test.context.support.DirtiesContextBeforeModesTestExecutionListener, org.springframework.test.context.support.DependencyInjectionTestExecutionListener, org.springframework.test.context.support.DirtiesContextTestExecutionListener, org.springframework.test.context.transaction.TransactionalTestExecutionListener, org.springframework.test.context.jdbc.SqlScriptsTestExecutionListener]
2021-10-19 02:58:54.188  INFO 10212 --- [    Test worker] .b.t.c.SpringBootTestContextBootstrapper : Using TestExecutionListeners: [org.springframework.test.context.web.ServletTestExecutionListener@41b6a0d1, org.springframework.test.context.support.DirtiesContextBeforeModesTestExecutionListener@1f579c06, org.springframework.boot.test.mock.mockito.MockitoTestExecutionListener@5d9380bd, org.springframework.boot.test.autoconfigure.SpringBootDependencyInjectionTestExecutionListener@5891000c, org.springframework.test.context.support.DirtiesContextTestExecutionListener@2c5593e7, org.springframework.test.context.transaction.TransactionalTestExecutionListener@fc18dc7, org.springframework.test.context.jdbc.SqlScriptsTestExecutionListener@4e9672ea, org.springframework.security.test.context.support.WithSecurityContextTestExecutionListener@1ed79a54, org.springframework.security.test.context.support.ReactorContextTestExecutionListener@1e9df8c2, org.springframework.boot.test.autoconfigure.restdocs.RestDocsTestExecutionListener@1d31f163, org.springframework.boot.test.autoconfigure.web.client.MockRestServiceServerResetTestExecutionListener@604dc10d, org.springframework.boot.test.autoconfigure.web.servlet.MockMvcPrintOnlyOnFailureTestExecutionListener@42eae26a, org.springframework.boot.test.autoconfigure.web.servlet.WebDriverTestExecutionListener@33c0591d, org.springframework.boot.test.mock.mockito.ResetMocksTestExecutionListener@21680cef]
2021-10-19 02:58:54.200  INFO 10212 --- [    Test worker] o.a.c.c.C.[Tomcat].[localhost].[/]       : Initializing Spring TestDispatcherServlet ''
2021-10-19 02:58:54.200  INFO 10212 --- [    Test worker] o.s.t.web.servlet.TestDispatcherServlet  : Initializing Servlet ''
2021-10-19 02:58:54.202  INFO 10212 --- [    Test worker] o.s.t.web.servlet.TestDispatcherServlet  : Completed initialization in 2 ms
Hibernate: insert into posts (created_date, modified_date, author, content, title) values (?, ?, ?, ?, ?)
Hibernate: select posts0_.id as id1_0_, posts0_.created_date as created_2_0_, posts0_.modified_date as modified3_0_, posts0_.author as author4_0_, posts0_.content as content5_0_, posts0_.title as title6_0_ from posts posts0_
Hibernate: select posts0_.id as id1_0_, posts0_.created_date as created_2_0_, posts0_.modified_date as modified3_0_, posts0_.author as author4_0_, posts0_.content as content5_0_, posts0_.title as title6_0_ from posts posts0_
Hibernate: delete from posts where id=?
2021-10-19 02:58:54.272  INFO 10212 --- [    Test worker] o.a.c.c.C.[Tomcat].[localhost].[/]       : Initializing Spring TestDispatcherServlet ''
2021-10-19 02:58:54.272  INFO 10212 --- [    Test worker] o.s.t.web.servlet.TestDispatcherServlet  : Initializing Servlet ''
2021-10-19 02:58:54.273  INFO 10212 --- [    Test worker] o.s.t.web.servlet.TestDispatcherServlet  : Completed initialization in 1 ms
Hibernate: insert into posts (created_date, modified_date, author, content, title) values (?, ?, ?, ?, ?)
Hibernate: select posts0_.id as id1_0_0_, posts0_.created_date as created_2_0_0_, posts0_.modified_date as modified3_0_0_, posts0_.author as author4_0_0_, posts0_.content as content5_0_0_, posts0_.title as title6_0_0_ from posts posts0_ where posts0_.id=?
Hibernate: update posts set created_date=?, modified_date=?, author=?, content=?, title=? where id=?
Hibernate: select posts0_.id as id1_0_, posts0_.created_date as created_2_0_, posts0_.modified_date as modified3_0_, posts0_.author as author4_0_, posts0_.content as content5_0_, posts0_.title as title6_0_ from posts posts0_
Hibernate: select posts0_.id as id1_0_, posts0_.created_date as created_2_0_, posts0_.modified_date as modified3_0_, posts0_.author as author4_0_, posts0_.content as content5_0_, posts0_.title as title6_0_ from posts posts0_
Hibernate: delete from posts where id=?
]]></system-out>
  <system-err><![CDATA[]]></system-err>
</testsuite>
