<?xml version="1.0" encoding="UTF-8"?>
<testsuite name="com.egs41.springboot.HelloControllerTest" tests="2" skipped="0" failures="0" errors="0" timestamp="2021-10-18T17:58:44" hostname="DESKTOP-7TF11RC" time="0.391">
  <properties/>
  <testcase name="hello가_리턴된다" classname="com.egs41.springboot.HelloControllerTest" time="0.301"/>
  <testcase name="helloDto가_리턴된다" classname="com.egs41.springboot.HelloControllerTest" time="0.089"/>
  <system-out><![CDATA[02:58:41.639 [Test worker] DEBUG org.springframework.test.context.junit4.SpringJUnit4ClassRunner - SpringJUnit4ClassRunner constructor called with [class com.egs41.springboot.HelloControllerTest]
02:58:41.647 [Test worker] DEBUG org.springframework.test.context.BootstrapUtils - Instantiating CacheAwareContextLoaderDelegate from class [org.springframework.test.context.cache.DefaultCacheAwareContextLoaderDelegate]
02:58:41.656 [Test worker] DEBUG org.springframework.test.context.BootstrapUtils - Instantiating BootstrapContext using constructor [public org.springframework.test.context.support.DefaultBootstrapContext(java.lang.Class,org.springframework.test.context.CacheAwareContextLoaderDelegate)]
02:58:41.676 [Test worker] DEBUG org.springframework.test.context.BootstrapUtils - Instantiating TestContextBootstrapper for test class [com.egs41.springboot.HelloControllerTest] from class [org.springframework.boot.test.autoconfigure.web.servlet.WebMvcTestContextBootstrapper]
02:58:41.697 [Test worker] INFO org.springframework.boot.test.autoconfigure.web.servlet.WebMvcTestContextBootstrapper - Neither @ContextConfiguration nor @ContextHierarchy found for test class [com.egs41.springboot.HelloControllerTest], using SpringBootContextLoader
02:58:41.700 [Test worker] DEBUG org.springframework.test.context.support.AbstractContextLoader - Did not detect default resource location for test class [com.egs41.springboot.HelloControllerTest]: class path resource [com/egs41/springboot/HelloControllerTest-context.xml] does not exist
02:58:41.701 [Test worker] DEBUG org.springframework.test.context.support.AbstractContextLoader - Did not detect default resource location for test class [com.egs41.springboot.HelloControllerTest]: class path resource [com/egs41/springboot/HelloControllerTestContext.groovy] does not exist
02:58:41.701 [Test worker] INFO org.springframework.test.context.support.AbstractContextLoader - Could not detect default resource locations for test class [com.egs41.springboot.HelloControllerTest]: no resource found for suffixes {-context.xml, Context.groovy}.
02:58:41.702 [Test worker] INFO org.springframework.test.context.support.AnnotationConfigContextLoaderUtils - Could not detect default configuration classes for test class [com.egs41.springboot.HelloControllerTest]: HelloControllerTest does not declare any static, non-private, non-final, nested classes annotated with @Configuration.
02:58:41.774 [Test worker] DEBUG org.springframework.test.context.support.ActiveProfilesUtils - Could not find an 'annotation declaring class' for annotation type [org.springframework.test.context.ActiveProfiles] and class [com.egs41.springboot.HelloControllerTest]
02:58:41.838 [Test worker] DEBUG org.springframework.context.annotation.ClassPathScanningCandidateComponentProvider - Identified candidate component class: file [C:\Users\egs41\IdeaProjects\egs41-webservice\build\classes\java\main\com\egs41\springboot\Application.class]
02:58:41.840 [Test worker] INFO org.springframework.boot.test.context.SpringBootTestContextBootstrapper - Found @SpringBootConfiguration com.egs41.springboot.Application for test class com.egs41.springboot.HelloControllerTest
02:58:41.843 [Test worker] DEBUG org.springframework.boot.test.autoconfigure.web.servlet.WebMvcTestContextBootstrapper - @TestExecutionListeners is not present for class [com.egs41.springboot.HelloControllerTest]: using defaults.
02:58:41.843 [Test worker] INFO org.springframework.boot.test.autoconfigure.web.servlet.WebMvcTestContextBootstrapper - Loaded default TestExecutionListener class names from location [META-INF/spring.factories]: [org.springframework.security.test.context.support.WithSecurityContextTestExecutionListener, org.springframework.security.test.context.support.ReactorContextTestExecutionListener, org.springframework.boot.test.autoconfigure.restdocs.RestDocsTestExecutionListener, org.springframework.boot.test.autoconfigure.web.client.MockRestServiceServerResetTestExecutionListener, org.springframework.boot.test.autoconfigure.web.servlet.MockMvcPrintOnlyOnFailureTestExecutionListener, org.springframework.boot.test.autoconfigure.web.servlet.WebDriverTestExecutionListener, org.springframework.boot.test.mock.mockito.MockitoTestExecutionListener, org.springframework.boot.test.mock.mockito.ResetMocksTestExecutionListener, org.springframework.test.context.web.ServletTestExecutionListener, org.springframework.test.context.support.DirtiesContextBeforeModesTestExecutionListener, org.springframework.test.context.support.DependencyInjectionTestExecutionListener, org.springframework.test.context.support.DirtiesContextTestExecutionListener, org.springframework.test.context.transaction.TransactionalTestExecutionListener, org.springframework.test.context.jdbc.SqlScriptsTestExecutionListener]
02:58:41.870 [Test worker] INFO org.springframework.boot.test.autoconfigure.web.servlet.WebMvcTestContextBootstrapper - Using TestExecutionListeners: [org.springframework.test.context.web.ServletTestExecutionListener@79febba0, org.springframework.test.context.support.DirtiesContextBeforeModesTestExecutionListener@412ab021, org.springframework.boot.test.mock.mockito.MockitoTestExecutionListener@54b2db95, org.springframework.boot.test.autoconfigure.SpringBootDependencyInjectionTestExecutionListener@27a79c52, org.springframework.test.context.support.DirtiesContextTestExecutionListener@2b0800bd, org.springframework.test.context.transaction.TransactionalTestExecutionListener@3fb70645, org.springframework.test.context.jdbc.SqlScriptsTestExecutionListener@7d9b0c55, org.springframework.security.test.context.support.WithSecurityContextTestExecutionListener@66c55ab8, org.springframework.security.test.context.support.ReactorContextTestExecutionListener@d23a335, org.springframework.boot.test.autoconfigure.restdocs.RestDocsTestExecutionListener@aa109fa, org.springframework.boot.test.autoconfigure.web.client.MockRestServiceServerResetTestExecutionListener@2f7d555f, org.springframework.boot.test.autoconfigure.web.servlet.MockMvcPrintOnlyOnFailureTestExecutionListener@63a1da92, org.springframework.boot.test.autoconfigure.web.servlet.WebDriverTestExecutionListener@738bf7d8, org.springframework.boot.test.mock.mockito.ResetMocksTestExecutionListener@7167de8a]
02:58:41.873 [Test worker] DEBUG org.springframework.test.annotation.ProfileValueUtils - Retrieved @ProfileValueSourceConfiguration [null] for test class [com.egs41.springboot.HelloControllerTest]
02:58:41.874 [Test worker] DEBUG org.springframework.test.annotation.ProfileValueUtils - Retrieved ProfileValueSource type [class org.springframework.test.annotation.SystemProfileValueSource] for class [com.egs41.springboot.HelloControllerTest]
02:58:41.874 [Test worker] DEBUG org.springframework.test.annotation.ProfileValueUtils - Retrieved @ProfileValueSourceConfiguration [null] for test class [com.egs41.springboot.HelloControllerTest]
02:58:41.875 [Test worker] DEBUG org.springframework.test.annotation.ProfileValueUtils - Retrieved ProfileValueSource type [class org.springframework.test.annotation.SystemProfileValueSource] for class [com.egs41.springboot.HelloControllerTest]
02:58:41.880 [Test worker] DEBUG org.springframework.test.context.support.AbstractDirtiesContextTestExecutionListener - Before test class: context [DefaultTestContext@71a03733 testClass = HelloControllerTest, testInstance = [null], testMethod = [null], testException = [null], mergedContextConfiguration = [WebMergedContextConfiguration@5c60e337 testClass = HelloControllerTest, locations = '{}', classes = '{class com.egs41.springboot.Application}', contextInitializerClasses = '[]', activeProfiles = '{}', propertySourceLocations = '{}', propertySourceProperties = '{org.springframework.boot.test.autoconfigure.web.servlet.WebMvcTestContextBootstrapper=true}', contextCustomizers = set[org.springframework.boot.test.autoconfigure.OverrideAutoConfigurationContextCustomizerFactory$DisableAutoConfigurationContextCustomizer@5768c92a, org.springframework.boot.test.autoconfigure.filter.TypeExcludeFiltersContextCustomizer@6741564c, org.springframework.boot.test.autoconfigure.properties.PropertyMappingContextCustomizer@b9a3804e, org.springframework.boot.test.autoconfigure.web.servlet.WebDriverContextCustomizerFactory$Customizer@5ee64c44, [ImportsContextCustomizer@1c39ee63 key = [org.springframework.boot.autoconfigure.cache.CacheAutoConfiguration, org.springframework.boot.autoconfigure.context.MessageSourceAutoConfiguration, org.springframework.boot.autoconfigure.data.web.SpringDataWebAutoConfiguration, org.springframework.boot.autoconfigure.freemarker.FreeMarkerAutoConfiguration, org.springframework.boot.autoconfigure.groovy.template.GroovyTemplateAutoConfiguration, org.springframework.boot.autoconfigure.gson.GsonAutoConfiguration, org.springframework.boot.autoconfigure.hateoas.HypermediaAutoConfiguration, org.springframework.boot.autoconfigure.http.HttpMessageConvertersAutoConfiguration, org.springframework.boot.autoconfigure.jackson.JacksonAutoConfiguration, org.springframework.boot.autoconfigure.jsonb.JsonbAutoConfiguration, org.springframework.boot.autoconfigure.mustache.MustacheAutoConfiguration, org.springframework.boot.autoconfigure.task.TaskExecutionAutoConfiguration, org.springframework.boot.autoconfigure.thymeleaf.ThymeleafAutoConfiguration, org.springframework.boot.autoconfigure.validation.ValidationAutoConfiguration, org.springframework.boot.autoconfigure.web.servlet.error.ErrorMvcAutoConfiguration, org.springframework.boot.autoconfigure.web.servlet.WebMvcAutoConfiguration, org.springframework.boot.test.autoconfigure.web.servlet.MockMvcAutoConfiguration, org.springframework.boot.test.autoconfigure.web.servlet.MockMvcSecurityAutoConfiguration, org.springframework.boot.test.autoconfigure.web.servlet.MockMvcWebClientAutoConfiguration, org.springframework.boot.test.autoconfigure.web.servlet.MockMvcWebDriverAutoConfiguration]], org.springframework.boot.test.context.filter.ExcludeFilterContextCustomizer@50ab3a38, org.springframework.boot.test.json.DuplicateJsonObjectContextCustomizerFactory$DuplicateJsonObjectContextCustomizer@6d2ce583, org.springframework.boot.test.mock.mockito.MockitoContextCustomizer@0], resourceBasePath = 'src/main/webapp', contextLoader = 'org.springframework.boot.test.context.SpringBootContextLoader', parent = [null]], attributes = map[[empty]]], class annotated with @DirtiesContext [false] with mode [null].
02:58:41.881 [Test worker] DEBUG org.springframework.test.annotation.ProfileValueUtils - Retrieved @ProfileValueSourceConfiguration [null] for test class [com.egs41.springboot.HelloControllerTest]
02:58:41.881 [Test worker] DEBUG org.springframework.test.annotation.ProfileValueUtils - Retrieved ProfileValueSource type [class org.springframework.test.annotation.SystemProfileValueSource] for class [com.egs41.springboot.HelloControllerTest]
02:58:41.886 [Test worker] DEBUG org.springframework.test.context.support.DependencyInjectionTestExecutionListener - Performing dependency injection for test context [[DefaultTestContext@71a03733 testClass = HelloControllerTest, testInstance = com.egs41.springboot.HelloControllerTest@409193ee, testMethod = [null], testException = [null], mergedContextConfiguration = [WebMergedContextConfiguration@5c60e337 testClass = HelloControllerTest, locations = '{}', classes = '{class com.egs41.springboot.Application}', contextInitializerClasses = '[]', activeProfiles = '{}', propertySourceLocations = '{}', propertySourceProperties = '{org.springframework.boot.test.autoconfigure.web.servlet.WebMvcTestContextBootstrapper=true}', contextCustomizers = set[org.springframework.boot.test.autoconfigure.OverrideAutoConfigurationContextCustomizerFactory$DisableAutoConfigurationContextCustomizer@5768c92a, org.springframework.boot.test.autoconfigure.filter.TypeExcludeFiltersContextCustomizer@6741564c, org.springframework.boot.test.autoconfigure.properties.PropertyMappingContextCustomizer@b9a3804e, org.springframework.boot.test.autoconfigure.web.servlet.WebDriverContextCustomizerFactory$Customizer@5ee64c44, [ImportsContextCustomizer@1c39ee63 key = [org.springframework.boot.autoconfigure.cache.CacheAutoConfiguration, org.springframework.boot.autoconfigure.context.MessageSourceAutoConfiguration, org.springframework.boot.autoconfigure.data.web.SpringDataWebAutoConfiguration, org.springframework.boot.autoconfigure.freemarker.FreeMarkerAutoConfiguration, org.springframework.boot.autoconfigure.groovy.template.GroovyTemplateAutoConfiguration, org.springframework.boot.autoconfigure.gson.GsonAutoConfiguration, org.springframework.boot.autoconfigure.hateoas.HypermediaAutoConfiguration, org.springframework.boot.autoconfigure.http.HttpMessageConvertersAutoConfiguration, org.springframework.boot.autoconfigure.jackson.JacksonAutoConfiguration, org.springframework.boot.autoconfigure.jsonb.JsonbAutoConfiguration, org.springframework.boot.autoconfigure.mustache.MustacheAutoConfiguration, org.springframework.boot.autoconfigure.task.TaskExecutionAutoConfiguration, org.springframework.boot.autoconfigure.thymeleaf.ThymeleafAutoConfiguration, org.springframework.boot.autoconfigure.validation.ValidationAutoConfiguration, org.springframework.boot.autoconfigure.web.servlet.error.ErrorMvcAutoConfiguration, org.springframework.boot.autoconfigure.web.servlet.WebMvcAutoConfiguration, org.springframework.boot.test.autoconfigure.web.servlet.MockMvcAutoConfiguration, org.springframework.boot.test.autoconfigure.web.servlet.MockMvcSecurityAutoConfiguration, org.springframework.boot.test.autoconfigure.web.servlet.MockMvcWebClientAutoConfiguration, org.springframework.boot.test.autoconfigure.web.servlet.MockMvcWebDriverAutoConfiguration]], org.springframework.boot.test.context.filter.ExcludeFilterContextCustomizer@50ab3a38, org.springframework.boot.test.json.DuplicateJsonObjectContextCustomizerFactory$DuplicateJsonObjectContextCustomizer@6d2ce583, org.springframework.boot.test.mock.mockito.MockitoContextCustomizer@0], resourceBasePath = 'src/main/webapp', contextLoader = 'org.springframework.boot.test.context.SpringBootContextLoader', parent = [null]], attributes = map[[empty]]]].
02:58:42.021 [Test worker] DEBUG org.springframework.test.context.support.TestPropertySourceUtils - Adding inlined properties to environment: {spring.jmx.enabled=false, org.springframework.boot.test.autoconfigure.web.servlet.WebMvcTestContextBootstrapper=true, server.port=-1}

  .   ____          _            __ _ _
 /\\ / ___'_ __ _ _(_)_ __  __ _ \ \ \ \
( ( )\___ | '_ | '_| | '_ \/ _` | \ \ \ \
 \\/  ___)| |_)| | | | | || (_| |  ) ) ) )
  '  |____| .__|_| |_|_| |_\__, | / / / /
 =========|_|==============|___/=/_/_/_/
 :: Spring Boot ::        (v2.1.7.RELEASE)

2021-10-19 02:58:42.315  INFO 10212 --- [    Test worker] c.egs41.springboot.HelloControllerTest   : Starting HelloControllerTest on DESKTOP-7TF11RC with PID 10212 (started by egs41 in C:\Users\egs41\IdeaProjects\egs41-webservice)
2021-10-19 02:58:42.319  INFO 10212 --- [    Test worker] c.egs41.springboot.HelloControllerTest   : No active profile set, falling back to default profiles: default
2021-10-19 02:58:43.897  INFO 10212 --- [    Test worker] o.s.s.concurrent.ThreadPoolTaskExecutor  : Initializing ExecutorService 'applicationTaskExecutor'
2021-10-19 02:58:44.014  INFO 10212 --- [    Test worker] o.s.b.a.w.s.WelcomePageHandlerMapping    : Adding welcome page template: index
2021-10-19 02:58:44.397  INFO 10212 --- [    Test worker] .s.s.UserDetailsServiceAutoConfiguration : 

Using generated security password: fd516e6f-6f92-48ce-a40d-b2d5c4a00029

2021-10-19 02:58:44.723  INFO 10212 --- [    Test worker] o.s.s.web.DefaultSecurityFilterChain     : Creating filter chain: any request, [org.springframework.security.web.context.request.async.WebAsyncManagerIntegrationFilter@10a7fc71, org.springframework.security.web.context.SecurityContextPersistenceFilter@79dd7ac4, org.springframework.security.web.header.HeaderWriterFilter@404c3a41, org.springframework.security.web.csrf.CsrfFilter@78b947ab, org.springframework.security.web.authentication.logout.LogoutFilter@10948396, org.springframework.security.web.authentication.UsernamePasswordAuthenticationFilter@6a8b4afc, org.springframework.security.web.authentication.ui.DefaultLoginPageGeneratingFilter@3292a507, org.springframework.security.web.authentication.ui.DefaultLogoutPageGeneratingFilter@580b3116, org.springframework.security.web.authentication.www.BasicAuthenticationFilter@64f49fe9, org.springframework.security.web.savedrequest.RequestCacheAwareFilter@199ee2d5, org.springframework.security.web.servletapi.SecurityContextHolderAwareRequestFilter@733b4d82, org.springframework.security.web.authentication.AnonymousAuthenticationFilter@c756247, org.springframework.security.web.session.SessionManagementFilter@6f6cea2c, org.springframework.security.web.access.ExceptionTranslationFilter@1c838163, org.springframework.security.web.access.intercept.FilterSecurityInterceptor@429c6355]
2021-10-19 02:58:44.777  INFO 10212 --- [    Test worker] o.s.b.t.m.w.SpringBootMockServletContext : Initializing Spring TestDispatcherServlet ''
2021-10-19 02:58:44.777  INFO 10212 --- [    Test worker] o.s.t.web.servlet.TestDispatcherServlet  : Initializing Servlet ''
2021-10-19 02:58:44.795  INFO 10212 --- [    Test worker] o.s.t.web.servlet.TestDispatcherServlet  : Completed initialization in 18 ms
2021-10-19 02:58:44.860  INFO 10212 --- [    Test worker] c.egs41.springboot.HelloControllerTest   : Started HelloControllerTest in 2.829 seconds (JVM running for 5.212)
]]></system-out>
  <system-err><![CDATA[]]></system-err>
</testsuite>
